Vivado Simulator 2020.1
Time resolution is 1 ps
[MEM/WB] UPDATE | MemToReg: 0, ReadData: 0000000000000000, ALUResult: 0000000000000000
[MEM/WB] UPDATE | MemToReg: 0, ReadData: 0000000000000000, ALUResult: 0000000000000000
[MEM/WB] UPDATE | MemToReg: 0, ReadData: 0000000000000000, ALUResult: 0000000000000000
[MEM/WB] UPDATE | MemToReg: 0, ReadData: 0000000000000000, ALUResult: 0000000000000000
[MEM/WB] UPDATE | MemToReg: 0, ReadData: 0000000000000000, ALUResult: 0000000000000009
[MEM/WB] UPDATE | MemToReg: 0, ReadData: 0000000000000000, ALUResult: 0000000000000002
[MEM/WB] UPDATE | MemToReg: 0, ReadData: 0000000000000000, ALUResult: 0000000000000007
[MEM/WB] UPDATE | MemToReg: 0, ReadData: 0000000000000000, ALUResult: 0000000000000001
[MEM/WB] UPDATE | MemToReg: 0, ReadData: 0000000000000000, ALUResult: 0000000000000008
[MEM/WB] UPDATE | MemToReg: 0, ReadData: 0000000000000000, ALUResult: 0000000000000004
[MEM/WB] UPDATE | MemToReg: 0, ReadData: 0000000000000000, ALUResult: 0000000000000006
[MEM/WB] UPDATE | MemToReg: 0, ReadData: 0000000000000000, ALUResult: 0000000000000100
[MEM/WB] UPDATE | MemToReg: 0, ReadData: 0000000000000000, ALUResult: 0000000000000104
[MEM/WB] UPDATE | MemToReg: 0, ReadData: 0000000000000000, ALUResult: 0000000000000108
[MEM/WB] UPDATE | MemToReg: 0, ReadData: 0000000000000000, ALUResult: 000000000000010c
[MEM/WB] UPDATE | MemToReg: 0, ReadData: 0000000000000000, ALUResult: 0000000000000110
[MEM/WB] UPDATE | MemToReg: 0, ReadData: 0000000000000000, ALUResult: 0000000000000114
[MEM/WB] UPDATE | MemToReg: 0, ReadData: 0000000000000000, ALUResult: 0000000000000118
[MEM/WB] UPDATE | MemToReg: 0, ReadData: 0000000000000000, ALUResult: 0000000000000100
[MEM/WB] UPDATE | MemToReg: 0, ReadData: 0000000000000000, ALUResult: 0000000000000007
[205000] REG READ: x12 = 0000000000000000 (decimal: 0)
[MEM/WB] UPDATE | MemToReg: 0, ReadData: 0000000000000000, ALUResult: 0000000000000000
[MEM/WB] UPDATE | MemToReg: 0, ReadData: 0000000000000000, ALUResult: 0000000000000000
[225000] REG READ: x12 = 0000000000000000 (decimal: 0)
[MEM/WB] UPDATE | MemToReg: 0, ReadData: 0000000000000000, ALUResult: 0000000000000006
[235000] REG READ: x13 = 0000000000000000 (decimal: 0)
[MEM/WB] UPDATE | MemToReg: x, ReadData: 0000000000000000, ALUResult: fffffffffffffffa
[245000] REG READ: x13 = 0000000000000000 (decimal: 0)
[MEM/WB] UPDATE | MemToReg: 0, ReadData: 0000000000000000, ALUResult: 0000000000000006
[MEM/WB] UPDATE | MemToReg: 0, ReadData: 0000000000000000, ALUResult: 0000000000000006
[265000] REG READ: x17 = 0000000000000000 (decimal: 0)
[MEM/WB] UPDATE | MemToReg: x, ReadData: 0000000000000000, ALUResult: fffffffffffffffa
[275000] REG READ: x17 = 0000000000000000 (decimal: 0)
[MEM/WB] UPDATE | MemToReg: 0, ReadData: 0000000000000000, ALUResult: 0000000000000000
[285000] REG READ: x18 = 0000000000000000 (decimal: 0)
[MEM/WB] UPDATE | MemToReg: 0, ReadData: 0000000000000000, ALUResult: 0000000000000100
[295000] REG READ: x20 = 0000000000000000 (decimal: 0)
[295000] REG READ: x19 = 0000000000000000 (decimal: 0)
[MEM/WB] UPDATE | MemToReg: 0, ReadData: 0000000000000000, ALUResult: 0000000000000104
[MEM/WB] UPDATE | MemToReg: 1, ReadData: xxxxxxxxxxxxxxxx, ALUResult: xxxxxxxxxxxxxxxx
[MEM/WB] UPDATE | MemToReg: 1, ReadData: xxxxxxxxxxxxxxxx, ALUResult: xxxxxxxxxxxxxxxx
[325000] REG READ: x17 = 0000000000000100 (decimal: 256)
[325000] REG READ: x20 = xxxxxxxxxxxxxxxx (decimal: x)
[MEM/WB] UPDATE | MemToReg: x, ReadData: 0000000000000000, ALUResult: xxxxxxxxxxxxxxxx
[335000] REG READ: x18 = 0000000000000104 (decimal: 260)
[335000] REG READ: x19 = xxxxxxxxxxxxxxxx (decimal: x)
[MEM/WB] UPDATE | MemToReg: x, ReadData: 0000000000000000, ALUResult: xxxxxxxxxxxxxxxx
[MEM/WB] UPDATE | MemToReg: x, ReadData: 0000000000000000, ALUResult: 0000000000000000
[MEM/WB] UPDATE | MemToReg: 0, ReadData: 0000000000000000, ALUResult: 0000000000000100
[365000] REG READ: x12 = 0000000000000000 (decimal: 0)
[MEM/WB] UPDATE | MemToReg: 0, ReadData: 0000000000000000, ALUResult: 0000000000000104
[375000] REG READ: x13 = 0000000000000000 (decimal: 0)
[MEM/WB] UPDATE | MemToReg: 0, ReadData: 0000000000000000, ALUResult: xxxxxxxxxxxxxxxx
[385000] REG READ: x13 = 0000000000000000 (decimal: 0)
[MEM/WB] UPDATE | MemToReg: 0, ReadData: 0000000000000000, ALUResult: 0000000000000006
[MEM/WB] UPDATE | MemToReg: 0, ReadData: 0000000000000000, ALUResult: 0000000000000006
[405000] REG READ: x17 = 0000000000000100 (decimal: 256)
[MEM/WB] UPDATE | MemToReg: x, ReadData: 0000000000000000, ALUResult: fffffffffffffffa
[415000] REG READ: x17 = 0000000000000100 (decimal: 256)
[MEM/WB] UPDATE | MemToReg: 0, ReadData: 0000000000000000, ALUResult: 0000000000000000
[425000] REG READ: x18 = 0000000000000104 (decimal: 260)
[MEM/WB] UPDATE | MemToReg: 0, ReadData: 0000000000000000, ALUResult: 0000000000000100
[435000] REG READ: x20 = xxxxxxxxxxxxxxxx (decimal: x)
[435000] REG READ: x19 = xxxxxxxxxxxxxxxx (decimal: x)
[MEM/WB] UPDATE | MemToReg: 0, ReadData: 0000000000000000, ALUResult: 0000000000000104
[MEM/WB] UPDATE | MemToReg: 1, ReadData: xxxxxxxxxxxxxxxx, ALUResult: xxxxxxxxxxxxxxxx
[MEM/WB] UPDATE | MemToReg: 1, ReadData: xxxxxxxxxxxxxxxx, ALUResult: xxxxxxxxxxxxxxxx
[465000] REG READ: x17 = 0000000000000100 (decimal: 256)
[465000] REG READ: x20 = xxxxxxxxxxxxxxxx (decimal: x)
[MEM/WB] UPDATE | MemToReg: x, ReadData: 0000000000000000, ALUResult: xxxxxxxxxxxxxxxx
[MEM/WB] UPDATE | MemToReg: x, ReadData: 0000000000000000, ALUResult: xxxxxxxxxxxxxxxx
[MEM/WB] UPDATE | MemToReg: x, ReadData: 0000000000000000, ALUResult: 0000000000000000
[MEM/WB] UPDATE | MemToReg: 0, ReadData: 0000000000000000, ALUResult: 0000000000000100
[505000] REG READ: x12 = 0000000000000000 (decimal: 0)
[MEM/WB] UPDATE | MemToReg: 0, ReadData: 0000000000000000, ALUResult: xxxxxxxxxxxxxxxx
[515000] REG READ: x13 = 0000000000000000 (decimal: 0)
[MEM/WB] UPDATE | MemToReg: 0, ReadData: 0000000000000000, ALUResult: xxxxxxxxxxxxxxxx
[525000] REG READ: x13 = 0000000000000000 (decimal: 0)
[MEM/WB] UPDATE | MemToReg: 0, ReadData: 0000000000000000, ALUResult: 0000000000000006
[MEM/WB] UPDATE | MemToReg: 0, ReadData: 0000000000000000, ALUResult: 0000000000000006
[545000] REG READ: x17 = 0000000000000100 (decimal: 256)
[MEM/WB] UPDATE | MemToReg: x, ReadData: 0000000000000000, ALUResult: fffffffffffffffa
[555000] REG READ: x17 = 0000000000000100 (decimal: 256)
[MEM/WB] UPDATE | MemToReg: 0, ReadData: 0000000000000000, ALUResult: 0000000000000000
[565000] REG READ: x18 = 0000000000000104 (decimal: 260)
[MEM/WB] UPDATE | MemToReg: 0, ReadData: 0000000000000000, ALUResult: 0000000000000100
[575000] REG READ: x20 = xxxxxxxxxxxxxxxx (decimal: x)
[575000] REG READ: x19 = xxxxxxxxxxxxxxxx (decimal: x)
[MEM/WB] UPDATE | MemToReg: 0, ReadData: 0000000000000000, ALUResult: 0000000000000104
[MEM/WB] UPDATE | MemToReg: 1, ReadData: xxxxxxxxxxxxxxxx, ALUResult: xxxxxxxxxxxxxxxx
[MEM/WB] UPDATE | MemToReg: 1, ReadData: xxxxxxxxxxxxxxxx, ALUResult: xxxxxxxxxxxxxxxx
[605000] REG READ: x17 = 0000000000000100 (decimal: 256)
[605000] REG READ: x20 = xxxxxxxxxxxxxxxx (decimal: x)
[MEM/WB] UPDATE | MemToReg: x, ReadData: 0000000000000000, ALUResult: xxxxxxxxxxxxxxxx
[MEM/WB] UPDATE | MemToReg: x, ReadData: 0000000000000000, ALUResult: xxxxxxxxxxxxxxxx
[MEM/WB] UPDATE | MemToReg: x, ReadData: 0000000000000000, ALUResult: 0000000000000000
[MEM/WB] UPDATE | MemToReg: 0, ReadData: 0000000000000000, ALUResult: 0000000000000100
[645000] REG READ: x12 = 0000000000000000 (decimal: 0)
[MEM/WB] UPDATE | MemToReg: 0, ReadData: 0000000000000000, ALUResult: xxxxxxxxxxxxxxxx
[655000] REG READ: x13 = 0000000000000000 (decimal: 0)
[MEM/WB] UPDATE | MemToReg: 0, ReadData: 0000000000000000, ALUResult: xxxxxxxxxxxxxxxx
[665000] REG READ: x13 = 0000000000000000 (decimal: 0)
[MEM/WB] UPDATE | MemToReg: 0, ReadData: 0000000000000000, ALUResult: 0000000000000006
[MEM/WB] UPDATE | MemToReg: 0, ReadData: 0000000000000000, ALUResult: 0000000000000006
[685000] REG READ: x17 = 0000000000000100 (decimal: 256)
[MEM/WB] UPDATE | MemToReg: x, ReadData: 0000000000000000, ALUResult: fffffffffffffffa
[695000] REG READ: x17 = 0000000000000100 (decimal: 256)
[MEM/WB] UPDATE | MemToReg: 0, ReadData: 0000000000000000, ALUResult: 0000000000000000
[705000] REG READ: x18 = 0000000000000104 (decimal: 260)
[MEM/WB] UPDATE | MemToReg: 0, ReadData: 0000000000000000, ALUResult: 0000000000000100
[715000] REG READ: x20 = xxxxxxxxxxxxxxxx (decimal: x)
[715000] REG READ: x19 = xxxxxxxxxxxxxxxx (decimal: x)
[MEM/WB] UPDATE | MemToReg: 0, ReadData: 0000000000000000, ALUResult: 0000000000000104
[MEM/WB] UPDATE | MemToReg: 1, ReadData: xxxxxxxxxxxxxxxx, ALUResult: xxxxxxxxxxxxxxxx
[MEM/WB] UPDATE | MemToReg: 1, ReadData: xxxxxxxxxxxxxxxx, ALUResult: xxxxxxxxxxxxxxxx
[745000] REG READ: x17 = 0000000000000100 (decimal: 256)
[745000] REG READ: x20 = xxxxxxxxxxxxxxxx (decimal: x)
[MEM/WB] UPDATE | MemToReg: x, ReadData: 0000000000000000, ALUResult: xxxxxxxxxxxxxxxx
[MEM/WB] UPDATE | MemToReg: x, ReadData: 0000000000000000, ALUResult: xxxxxxxxxxxxxxxx
[MEM/WB] UPDATE | MemToReg: x, ReadData: 0000000000000000, ALUResult: 0000000000000000
[MEM/WB] UPDATE | MemToReg: 0, ReadData: 0000000000000000, ALUResult: 0000000000000100
[785000] REG READ: x12 = 0000000000000000 (decimal: 0)
[MEM/WB] UPDATE | MemToReg: 0, ReadData: 0000000000000000, ALUResult: xxxxxxxxxxxxxxxx
[795000] REG READ: x13 = 0000000000000000 (decimal: 0)
[MEM/WB] UPDATE | MemToReg: 0, ReadData: 0000000000000000, ALUResult: xxxxxxxxxxxxxxxx
[805000] REG READ: x13 = 0000000000000000 (decimal: 0)
[MEM/WB] UPDATE | MemToReg: 0, ReadData: 0000000000000000, ALUResult: 0000000000000006
[MEM/WB] UPDATE | MemToReg: 0, ReadData: 0000000000000000, ALUResult: 0000000000000006
[825000] REG READ: x17 = 0000000000000100 (decimal: 256)
[MEM/WB] UPDATE | MemToReg: x, ReadData: 0000000000000000, ALUResult: fffffffffffffffa
[835000] REG READ: x17 = 0000000000000100 (decimal: 256)
[MEM/WB] UPDATE | MemToReg: 0, ReadData: 0000000000000000, ALUResult: 0000000000000000
[845000] REG READ: x18 = 0000000000000104 (decimal: 260)
[MEM/WB] UPDATE | MemToReg: 0, ReadData: 0000000000000000, ALUResult: 0000000000000100
[855000] REG READ: x20 = xxxxxxxxxxxxxxxx (decimal: x)
[855000] REG READ: x19 = xxxxxxxxxxxxxxxx (decimal: x)
[MEM/WB] UPDATE | MemToReg: 0, ReadData: 0000000000000000, ALUResult: 0000000000000104
[MEM/WB] UPDATE | MemToReg: 1, ReadData: xxxxxxxxxxxxxxxx, ALUResult: xxxxxxxxxxxxxxxx
[MEM/WB] UPDATE | MemToReg: 1, ReadData: xxxxxxxxxxxxxxxx, ALUResult: xxxxxxxxxxxxxxxx
[885000] REG READ: x17 = 0000000000000100 (decimal: 256)
[885000] REG READ: x20 = xxxxxxxxxxxxxxxx (decimal: x)
[MEM/WB] UPDATE | MemToReg: x, ReadData: 0000000000000000, ALUResult: xxxxxxxxxxxxxxxx
[MEM/WB] UPDATE | MemToReg: x, ReadData: 0000000000000000, ALUResult: xxxxxxxxxxxxxxxx
[MEM/WB] UPDATE | MemToReg: x, ReadData: 0000000000000000, ALUResult: 0000000000000000
[MEM/WB] UPDATE | MemToReg: 0, ReadData: 0000000000000000, ALUResult: 0000000000000100
[925000] REG READ: x12 = 0000000000000000 (decimal: 0)
[MEM/WB] UPDATE | MemToReg: 0, ReadData: 0000000000000000, ALUResult: xxxxxxxxxxxxxxxx
[935000] REG READ: x13 = 0000000000000000 (decimal: 0)
[MEM/WB] UPDATE | MemToReg: 0, ReadData: 0000000000000000, ALUResult: xxxxxxxxxxxxxxxx
[945000] REG READ: x13 = 0000000000000000 (decimal: 0)
[MEM/WB] UPDATE | MemToReg: 0, ReadData: 0000000000000000, ALUResult: 0000000000000006
[MEM/WB] UPDATE | MemToReg: 0, ReadData: 0000000000000000, ALUResult: 0000000000000006
[965000] REG READ: x17 = 0000000000000100 (decimal: 256)
[MEM/WB] UPDATE | MemToReg: x, ReadData: 0000000000000000, ALUResult: fffffffffffffffa
[975000] REG READ: x17 = 0000000000000100 (decimal: 256)
[MEM/WB] UPDATE | MemToReg: 0, ReadData: 0000000000000000, ALUResult: 0000000000000000
[985000] REG READ: x18 = 0000000000000104 (decimal: 260)
[MEM/WB] UPDATE | MemToReg: 0, ReadData: 0000000000000000, ALUResult: 0000000000000100
[995000] REG READ: x20 = xxxxxxxxxxxxxxxx (decimal: x)
[995000] REG READ: x19 = xxxxxxxxxxxxxxxx (decimal: x)
[MEM/WB] UPDATE | MemToReg: 0, ReadData: 0000000000000000, ALUResult: 0000000000000104
[MEM/WB] UPDATE | MemToReg: 1, ReadData: xxxxxxxxxxxxxxxx, ALUResult: xxxxxxxxxxxxxxxx
[MEM/WB] UPDATE | MemToReg: 1, ReadData: xxxxxxxxxxxxxxxx, ALUResult: xxxxxxxxxxxxxxxx
[1025000] REG READ: x17 = 0000000000000100 (decimal: 256)
[1025000] REG READ: x20 = xxxxxxxxxxxxxxxx (decimal: x)
[MEM/WB] UPDATE | MemToReg: x, ReadData: 0000000000000000, ALUResult: xxxxxxxxxxxxxxxx
[MEM/WB] UPDATE | MemToReg: x, ReadData: 0000000000000000, ALUResult: xxxxxxxxxxxxxxxx
[MEM/WB] UPDATE | MemToReg: x, ReadData: 0000000000000000, ALUResult: 0000000000000000
[MEM/WB] UPDATE | MemToReg: 0, ReadData: 0000000000000000, ALUResult: 0000000000000100
[1065000] REG READ: x12 = 0000000000000000 (decimal: 0)
[MEM/WB] UPDATE | MemToReg: 0, ReadData: 0000000000000000, ALUResult: xxxxxxxxxxxxxxxx
[1075000] REG READ: x13 = 0000000000000000 (decimal: 0)
[MEM/WB] UPDATE | MemToReg: 0, ReadData: 0000000000000000, ALUResult: xxxxxxxxxxxxxxxx
[1085000] REG READ: x13 = 0000000000000000 (decimal: 0)
[MEM/WB] UPDATE | MemToReg: 0, ReadData: 0000000000000000, ALUResult: 0000000000000006
[MEM/WB] UPDATE | MemToReg: 0, ReadData: 0000000000000000, ALUResult: 0000000000000006
[1105000] REG READ: x17 = 0000000000000100 (decimal: 256)
[MEM/WB] UPDATE | MemToReg: x, ReadData: 0000000000000000, ALUResult: fffffffffffffffa
[1115000] REG READ: x17 = 0000000000000100 (decimal: 256)
[MEM/WB] UPDATE | MemToReg: 0, ReadData: 0000000000000000, ALUResult: 0000000000000000
[1125000] REG READ: x18 = 0000000000000104 (decimal: 260)
[MEM/WB] UPDATE | MemToReg: 0, ReadData: 0000000000000000, ALUResult: 0000000000000100
[1135000] REG READ: x20 = xxxxxxxxxxxxxxxx (decimal: x)
[1135000] REG READ: x19 = xxxxxxxxxxxxxxxx (decimal: x)
[MEM/WB] UPDATE | MemToReg: 0, ReadData: 0000000000000000, ALUResult: 0000000000000104
[MEM/WB] UPDATE | MemToReg: 1, ReadData: xxxxxxxxxxxxxxxx, ALUResult: xxxxxxxxxxxxxxxx
[MEM/WB] UPDATE | MemToReg: 1, ReadData: xxxxxxxxxxxxxxxx, ALUResult: xxxxxxxxxxxxxxxx
[1165000] REG READ: x17 = 0000000000000100 (decimal: 256)
[1165000] REG READ: x20 = xxxxxxxxxxxxxxxx (decimal: x)
[MEM/WB] UPDATE | MemToReg: x, ReadData: 0000000000000000, ALUResult: xxxxxxxxxxxxxxxx
[MEM/WB] UPDATE | MemToReg: x, ReadData: 0000000000000000, ALUResult: xxxxxxxxxxxxxxxx
[MEM/WB] UPDATE | MemToReg: x, ReadData: 0000000000000000, ALUResult: 0000000000000000
[MEM/WB] UPDATE | MemToReg: 0, ReadData: 0000000000000000, ALUResult: 0000000000000100
[1205000] REG READ: x12 = 0000000000000000 (decimal: 0)
[MEM/WB] UPDATE | MemToReg: 0, ReadData: 0000000000000000, ALUResult: xxxxxxxxxxxxxxxx
[1215000] REG READ: x13 = 0000000000000000 (decimal: 0)
[MEM/WB] UPDATE | MemToReg: 0, ReadData: 0000000000000000, ALUResult: xxxxxxxxxxxxxxxx
[1225000] REG READ: x13 = 0000000000000000 (decimal: 0)
[MEM/WB] UPDATE | MemToReg: 0, ReadData: 0000000000000000, ALUResult: 0000000000000006
[MEM/WB] UPDATE | MemToReg: 0, ReadData: 0000000000000000, ALUResult: 0000000000000006
[1245000] REG READ: x17 = 0000000000000100 (decimal: 256)
[MEM/WB] UPDATE | MemToReg: x, ReadData: 0000000000000000, ALUResult: fffffffffffffffa
[1255000] REG READ: x17 = 0000000000000100 (decimal: 256)
[MEM/WB] UPDATE | MemToReg: 0, ReadData: 0000000000000000, ALUResult: 0000000000000000
[1265000] REG READ: x18 = 0000000000000104 (decimal: 260)
[MEM/WB] UPDATE | MemToReg: 0, ReadData: 0000000000000000, ALUResult: 0000000000000100
[1275000] REG READ: x20 = xxxxxxxxxxxxxxxx (decimal: x)
[1275000] REG READ: x19 = xxxxxxxxxxxxxxxx (decimal: x)
[MEM/WB] UPDATE | MemToReg: 0, ReadData: 0000000000000000, ALUResult: 0000000000000104
[MEM/WB] UPDATE | MemToReg: 1, ReadData: xxxxxxxxxxxxxxxx, ALUResult: xxxxxxxxxxxxxxxx
[MEM/WB] UPDATE | MemToReg: 1, ReadData: xxxxxxxxxxxxxxxx, ALUResult: xxxxxxxxxxxxxxxx
[1305000] REG READ: x17 = 0000000000000100 (decimal: 256)
[1305000] REG READ: x20 = xxxxxxxxxxxxxxxx (decimal: x)
[MEM/WB] UPDATE | MemToReg: x, ReadData: 0000000000000000, ALUResult: xxxxxxxxxxxxxxxx
[MEM/WB] UPDATE | MemToReg: x, ReadData: 0000000000000000, ALUResult: xxxxxxxxxxxxxxxx
[MEM/WB] UPDATE | MemToReg: x, ReadData: 0000000000000000, ALUResult: 0000000000000000
[MEM/WB] UPDATE | MemToReg: 0, ReadData: 0000000000000000, ALUResult: 0000000000000100
[1345000] REG READ: x12 = 0000000000000000 (decimal: 0)
[MEM/WB] UPDATE | MemToReg: 0, ReadData: 0000000000000000, ALUResult: xxxxxxxxxxxxxxxx
[1355000] REG READ: x13 = 0000000000000000 (decimal: 0)
[MEM/WB] UPDATE | MemToReg: 0, ReadData: 0000000000000000, ALUResult: xxxxxxxxxxxxxxxx
[1365000] REG READ: x13 = 0000000000000000 (decimal: 0)
[MEM/WB] UPDATE | MemToReg: 0, ReadData: 0000000000000000, ALUResult: 0000000000000006
[MEM/WB] UPDATE | MemToReg: 0, ReadData: 0000000000000000, ALUResult: 0000000000000006
[1385000] REG READ: x17 = 0000000000000100 (decimal: 256)
[MEM/WB] UPDATE | MemToReg: x, ReadData: 0000000000000000, ALUResult: fffffffffffffffa
[1395000] REG READ: x17 = 0000000000000100 (decimal: 256)
[MEM/WB] UPDATE | MemToReg: 0, ReadData: 0000000000000000, ALUResult: 0000000000000000
[1405000] REG READ: x18 = 0000000000000104 (decimal: 260)
[MEM/WB] UPDATE | MemToReg: 0, ReadData: 0000000000000000, ALUResult: 0000000000000100
[1415000] REG READ: x20 = xxxxxxxxxxxxxxxx (decimal: x)
[1415000] REG READ: x19 = xxxxxxxxxxxxxxxx (decimal: x)
[MEM/WB] UPDATE | MemToReg: 0, ReadData: 0000000000000000, ALUResult: 0000000000000104
[MEM/WB] UPDATE | MemToReg: 1, ReadData: xxxxxxxxxxxxxxxx, ALUResult: xxxxxxxxxxxxxxxx
[MEM/WB] UPDATE | MemToReg: 1, ReadData: xxxxxxxxxxxxxxxx, ALUResult: xxxxxxxxxxxxxxxx
[1445000] REG READ: x17 = 0000000000000100 (decimal: 256)
[1445000] REG READ: x20 = xxxxxxxxxxxxxxxx (decimal: x)
[MEM/WB] UPDATE | MemToReg: x, ReadData: 0000000000000000, ALUResult: xxxxxxxxxxxxxxxx
[MEM/WB] UPDATE | MemToReg: x, ReadData: 0000000000000000, ALUResult: xxxxxxxxxxxxxxxx
[MEM/WB] UPDATE | MemToReg: x, ReadData: 0000000000000000, ALUResult: 0000000000000000
[MEM/WB] UPDATE | MemToReg: 0, ReadData: 0000000000000000, ALUResult: 0000000000000100
[1485000] REG READ: x12 = 0000000000000000 (decimal: 0)
[MEM/WB] UPDATE | MemToReg: 0, ReadData: 0000000000000000, ALUResult: xxxxxxxxxxxxxxxx
[1495000] REG READ: x13 = 0000000000000000 (decimal: 0)
[MEM/WB] UPDATE | MemToReg: 0, ReadData: 0000000000000000, ALUResult: xxxxxxxxxxxxxxxx
[1505000] REG READ: x13 = 0000000000000000 (decimal: 0)
[MEM/WB] UPDATE | MemToReg: 0, ReadData: 0000000000000000, ALUResult: 0000000000000006
[MEM/WB] UPDATE | MemToReg: 0, ReadData: 0000000000000000, ALUResult: 0000000000000006
[1525000] REG READ: x17 = 0000000000000100 (decimal: 256)
[MEM/WB] UPDATE | MemToReg: x, ReadData: 0000000000000000, ALUResult: fffffffffffffffa
[1535000] REG READ: x17 = 0000000000000100 (decimal: 256)
[MEM/WB] UPDATE | MemToReg: 0, ReadData: 0000000000000000, ALUResult: 0000000000000000
[1545000] REG READ: x18 = 0000000000000104 (decimal: 260)
[MEM/WB] UPDATE | MemToReg: 0, ReadData: 0000000000000000, ALUResult: 0000000000000100
[1555000] REG READ: x20 = xxxxxxxxxxxxxxxx (decimal: x)
[1555000] REG READ: x19 = xxxxxxxxxxxxxxxx (decimal: x)
[MEM/WB] UPDATE | MemToReg: 0, ReadData: 0000000000000000, ALUResult: 0000000000000104
[MEM/WB] UPDATE | MemToReg: 1, ReadData: xxxxxxxxxxxxxxxx, ALUResult: xxxxxxxxxxxxxxxx
[MEM/WB] UPDATE | MemToReg: 1, ReadData: xxxxxxxxxxxxxxxx, ALUResult: xxxxxxxxxxxxxxxx
[1585000] REG READ: x17 = 0000000000000100 (decimal: 256)
[1585000] REG READ: x20 = xxxxxxxxxxxxxxxx (decimal: x)
[MEM/WB] UPDATE | MemToReg: x, ReadData: 0000000000000000, ALUResult: xxxxxxxxxxxxxxxx
[MEM/WB] UPDATE | MemToReg: x, ReadData: 0000000000000000, ALUResult: xxxxxxxxxxxxxxxx
[MEM/WB] UPDATE | MemToReg: x, ReadData: 0000000000000000, ALUResult: 0000000000000000
[MEM/WB] UPDATE | MemToReg: 0, ReadData: 0000000000000000, ALUResult: 0000000000000100
[1625000] REG READ: x12 = 0000000000000000 (decimal: 0)
[MEM/WB] UPDATE | MemToReg: 0, ReadData: 0000000000000000, ALUResult: xxxxxxxxxxxxxxxx
[1635000] REG READ: x13 = 0000000000000000 (decimal: 0)
[MEM/WB] UPDATE | MemToReg: 0, ReadData: 0000000000000000, ALUResult: xxxxxxxxxxxxxxxx
[1645000] REG READ: x13 = 0000000000000000 (decimal: 0)
[MEM/WB] UPDATE | MemToReg: 0, ReadData: 0000000000000000, ALUResult: 0000000000000006
[MEM/WB] UPDATE | MemToReg: 0, ReadData: 0000000000000000, ALUResult: 0000000000000006
[1665000] REG READ: x17 = 0000000000000100 (decimal: 256)
[MEM/WB] UPDATE | MemToReg: x, ReadData: 0000000000000000, ALUResult: fffffffffffffffa
[1675000] REG READ: x17 = 0000000000000100 (decimal: 256)
[MEM/WB] UPDATE | MemToReg: 0, ReadData: 0000000000000000, ALUResult: 0000000000000000
[1685000] REG READ: x18 = 0000000000000104 (decimal: 260)
[MEM/WB] UPDATE | MemToReg: 0, ReadData: 0000000000000000, ALUResult: 0000000000000100
[1695000] REG READ: x20 = xxxxxxxxxxxxxxxx (decimal: x)
[1695000] REG READ: x19 = xxxxxxxxxxxxxxxx (decimal: x)
[MEM/WB] UPDATE | MemToReg: 0, ReadData: 0000000000000000, ALUResult: 0000000000000104
[MEM/WB] UPDATE | MemToReg: 1, ReadData: xxxxxxxxxxxxxxxx, ALUResult: xxxxxxxxxxxxxxxx
[MEM/WB] UPDATE | MemToReg: 1, ReadData: xxxxxxxxxxxxxxxx, ALUResult: xxxxxxxxxxxxxxxx
[1725000] REG READ: x17 = 0000000000000100 (decimal: 256)
[1725000] REG READ: x20 = xxxxxxxxxxxxxxxx (decimal: x)
[MEM/WB] UPDATE | MemToReg: x, ReadData: 0000000000000000, ALUResult: xxxxxxxxxxxxxxxx
[MEM/WB] UPDATE | MemToReg: x, ReadData: 0000000000000000, ALUResult: xxxxxxxxxxxxxxxx
[MEM/WB] UPDATE | MemToReg: x, ReadData: 0000000000000000, ALUResult: 0000000000000000
[MEM/WB] UPDATE | MemToReg: 0, ReadData: 0000000000000000, ALUResult: 0000000000000100
[1765000] REG READ: x12 = 0000000000000000 (decimal: 0)
[MEM/WB] UPDATE | MemToReg: 0, ReadData: 0000000000000000, ALUResult: xxxxxxxxxxxxxxxx
[1775000] REG READ: x13 = 0000000000000000 (decimal: 0)
[MEM/WB] UPDATE | MemToReg: 0, ReadData: 0000000000000000, ALUResult: xxxxxxxxxxxxxxxx
[1785000] REG READ: x13 = 0000000000000000 (decimal: 0)
[MEM/WB] UPDATE | MemToReg: 0, ReadData: 0000000000000000, ALUResult: 0000000000000006
[MEM/WB] UPDATE | MemToReg: 0, ReadData: 0000000000000000, ALUResult: 0000000000000006
[1805000] REG READ: x17 = 0000000000000100 (decimal: 256)
[MEM/WB] UPDATE | MemToReg: x, ReadData: 0000000000000000, ALUResult: fffffffffffffffa
[1815000] REG READ: x17 = 0000000000000100 (decimal: 256)
[MEM/WB] UPDATE | MemToReg: 0, ReadData: 0000000000000000, ALUResult: 0000000000000000
[1825000] REG READ: x18 = 0000000000000104 (decimal: 260)
[MEM/WB] UPDATE | MemToReg: 0, ReadData: 0000000000000000, ALUResult: 0000000000000100
[1835000] REG READ: x20 = xxxxxxxxxxxxxxxx (decimal: x)
[1835000] REG READ: x19 = xxxxxxxxxxxxxxxx (decimal: x)
[MEM/WB] UPDATE | MemToReg: 0, ReadData: 0000000000000000, ALUResult: 0000000000000104
[MEM/WB] UPDATE | MemToReg: 1, ReadData: xxxxxxxxxxxxxxxx, ALUResult: xxxxxxxxxxxxxxxx
[MEM/WB] UPDATE | MemToReg: 1, ReadData: xxxxxxxxxxxxxxxx, ALUResult: xxxxxxxxxxxxxxxx
[1865000] REG READ: x17 = 0000000000000100 (decimal: 256)
[1865000] REG READ: x20 = xxxxxxxxxxxxxxxx (decimal: x)
[MEM/WB] UPDATE | MemToReg: x, ReadData: 0000000000000000, ALUResult: xxxxxxxxxxxxxxxx
[MEM/WB] UPDATE | MemToReg: x, ReadData: 0000000000000000, ALUResult: xxxxxxxxxxxxxxxx
[MEM/WB] UPDATE | MemToReg: x, ReadData: 0000000000000000, ALUResult: 0000000000000000
[MEM/WB] UPDATE | MemToReg: 0, ReadData: 0000000000000000, ALUResult: 0000000000000100
[1905000] REG READ: x12 = 0000000000000000 (decimal: 0)
[MEM/WB] UPDATE | MemToReg: 0, ReadData: 0000000000000000, ALUResult: xxxxxxxxxxxxxxxx
[1915000] REG READ: x13 = 0000000000000000 (decimal: 0)
[MEM/WB] UPDATE | MemToReg: 0, ReadData: 0000000000000000, ALUResult: xxxxxxxxxxxxxxxx
[1925000] REG READ: x13 = 0000000000000000 (decimal: 0)
[MEM/WB] UPDATE | MemToReg: 0, ReadData: 0000000000000000, ALUResult: 0000000000000006
[MEM/WB] UPDATE | MemToReg: 0, ReadData: 0000000000000000, ALUResult: 0000000000000006
[1945000] REG READ: x17 = 0000000000000100 (decimal: 256)
[MEM/WB] UPDATE | MemToReg: x, ReadData: 0000000000000000, ALUResult: fffffffffffffffa
[1955000] REG READ: x17 = 0000000000000100 (decimal: 256)
[MEM/WB] UPDATE | MemToReg: 0, ReadData: 0000000000000000, ALUResult: 0000000000000000
[1965000] REG READ: x18 = 0000000000000104 (decimal: 260)
[MEM/WB] UPDATE | MemToReg: 0, ReadData: 0000000000000000, ALUResult: 0000000000000100
[1975000] REG READ: x20 = xxxxxxxxxxxxxxxx (decimal: x)
[1975000] REG READ: x19 = xxxxxxxxxxxxxxxx (decimal: x)
[MEM/WB] UPDATE | MemToReg: 0, ReadData: 0000000000000000, ALUResult: 0000000000000104
[MEM/WB] UPDATE | MemToReg: 1, ReadData: xxxxxxxxxxxxxxxx, ALUResult: xxxxxxxxxxxxxxxx
[MEM/WB] UPDATE | MemToReg: 1, ReadData: xxxxxxxxxxxxxxxx, ALUResult: xxxxxxxxxxxxxxxx
[2005000] REG READ: x17 = 0000000000000100 (decimal: 256)
[2005000] REG READ: x20 = xxxxxxxxxxxxxxxx (decimal: x)
[MEM/WB] UPDATE | MemToReg: x, ReadData: 0000000000000000, ALUResult: xxxxxxxxxxxxxxxx
[MEM/WB] UPDATE | MemToReg: x, ReadData: 0000000000000000, ALUResult: xxxxxxxxxxxxxxxx
[MEM/WB] UPDATE | MemToReg: x, ReadData: 0000000000000000, ALUResult: 0000000000000000
[MEM/WB] UPDATE | MemToReg: 0, ReadData: 0000000000000000, ALUResult: 0000000000000100
[2045000] REG READ: x12 = 0000000000000000 (decimal: 0)
[MEM/WB] UPDATE | MemToReg: 0, ReadData: 0000000000000000, ALUResult: xxxxxxxxxxxxxxxx
[2055000] REG READ: x13 = 0000000000000000 (decimal: 0)
[MEM/WB] UPDATE | MemToReg: 0, ReadData: 0000000000000000, ALUResult: xxxxxxxxxxxxxxxx
[2065000] REG READ: x13 = 0000000000000000 (decimal: 0)
[MEM/WB] UPDATE | MemToReg: 0, ReadData: 0000000000000000, ALUResult: 0000000000000006
[MEM/WB] UPDATE | MemToReg: 0, ReadData: 0000000000000000, ALUResult: 0000000000000006
[2085000] REG READ: x17 = 0000000000000100 (decimal: 256)
[MEM/WB] UPDATE | MemToReg: x, ReadData: 0000000000000000, ALUResult: fffffffffffffffa
[2095000] REG READ: x17 = 0000000000000100 (decimal: 256)
[MEM/WB] UPDATE | MemToReg: 0, ReadData: 0000000000000000, ALUResult: 0000000000000000
[2105000] REG READ: x18 = 0000000000000104 (decimal: 260)
[MEM/WB] UPDATE | MemToReg: 0, ReadData: 0000000000000000, ALUResult: 0000000000000100
[2115000] REG READ: x20 = xxxxxxxxxxxxxxxx (decimal: x)
[2115000] REG READ: x19 = xxxxxxxxxxxxxxxx (decimal: x)
[MEM/WB] UPDATE | MemToReg: 0, ReadData: 0000000000000000, ALUResult: 0000000000000104
[MEM/WB] UPDATE | MemToReg: 1, ReadData: xxxxxxxxxxxxxxxx, ALUResult: xxxxxxxxxxxxxxxx
[MEM/WB] UPDATE | MemToReg: 1, ReadData: xxxxxxxxxxxxxxxx, ALUResult: xxxxxxxxxxxxxxxx
[2145000] REG READ: x17 = 0000000000000100 (decimal: 256)
[2145000] REG READ: x20 = xxxxxxxxxxxxxxxx (decimal: x)
[MEM/WB] UPDATE | MemToReg: x, ReadData: 0000000000000000, ALUResult: xxxxxxxxxxxxxxxx
[MEM/WB] UPDATE | MemToReg: x, ReadData: 0000000000000000, ALUResult: xxxxxxxxxxxxxxxx
[MEM/WB] UPDATE | MemToReg: x, ReadData: 0000000000000000, ALUResult: 0000000000000000
[MEM/WB] UPDATE | MemToReg: 0, ReadData: 0000000000000000, ALUResult: 0000000000000100
[2185000] REG READ: x12 = 0000000000000000 (decimal: 0)
[MEM/WB] UPDATE | MemToReg: 0, ReadData: 0000000000000000, ALUResult: xxxxxxxxxxxxxxxx
[2195000] REG READ: x13 = 0000000000000000 (decimal: 0)
[MEM/WB] UPDATE | MemToReg: 0, ReadData: 0000000000000000, ALUResult: xxxxxxxxxxxxxxxx
[2205000] REG READ: x13 = 0000000000000000 (decimal: 0)
[MEM/WB] UPDATE | MemToReg: 0, ReadData: 0000000000000000, ALUResult: 0000000000000006
[MEM/WB] UPDATE | MemToReg: 0, ReadData: 0000000000000000, ALUResult: 0000000000000006
[2225000] REG READ: x17 = 0000000000000100 (decimal: 256)
[MEM/WB] UPDATE | MemToReg: x, ReadData: 0000000000000000, ALUResult: fffffffffffffffa
[2235000] REG READ: x17 = 0000000000000100 (decimal: 256)
[MEM/WB] UPDATE | MemToReg: 0, ReadData: 0000000000000000, ALUResult: 0000000000000000
[2245000] REG READ: x18 = 0000000000000104 (decimal: 260)
[MEM/WB] UPDATE | MemToReg: 0, ReadData: 0000000000000000, ALUResult: 0000000000000100
[2255000] REG READ: x20 = xxxxxxxxxxxxxxxx (decimal: x)
[2255000] REG READ: x19 = xxxxxxxxxxxxxxxx (decimal: x)
[MEM/WB] UPDATE | MemToReg: 0, ReadData: 0000000000000000, ALUResult: 0000000000000104
[MEM/WB] UPDATE | MemToReg: 1, ReadData: xxxxxxxxxxxxxxxx, ALUResult: xxxxxxxxxxxxxxxx
[MEM/WB] UPDATE | MemToReg: 1, ReadData: xxxxxxxxxxxxxxxx, ALUResult: xxxxxxxxxxxxxxxx
[2285000] REG READ: x17 = 0000000000000100 (decimal: 256)
[2285000] REG READ: x20 = xxxxxxxxxxxxxxxx (decimal: x)
[MEM/WB] UPDATE | MemToReg: x, ReadData: 0000000000000000, ALUResult: xxxxxxxxxxxxxxxx
[MEM/WB] UPDATE | MemToReg: x, ReadData: 0000000000000000, ALUResult: xxxxxxxxxxxxxxxx
[MEM/WB] UPDATE | MemToReg: x, ReadData: 0000000000000000, ALUResult: 0000000000000000
[MEM/WB] UPDATE | MemToReg: 0, ReadData: 0000000000000000, ALUResult: 0000000000000100
[2325000] REG READ: x12 = 0000000000000000 (decimal: 0)
[MEM/WB] UPDATE | MemToReg: 0, ReadData: 0000000000000000, ALUResult: xxxxxxxxxxxxxxxx
[2335000] REG READ: x13 = 0000000000000000 (decimal: 0)
[MEM/WB] UPDATE | MemToReg: 0, ReadData: 0000000000000000, ALUResult: xxxxxxxxxxxxxxxx
[2345000] REG READ: x13 = 0000000000000000 (decimal: 0)
[MEM/WB] UPDATE | MemToReg: 0, ReadData: 0000000000000000, ALUResult: 0000000000000006
[MEM/WB] UPDATE | MemToReg: 0, ReadData: 0000000000000000, ALUResult: 0000000000000006
[2365000] REG READ: x17 = 0000000000000100 (decimal: 256)
[MEM/WB] UPDATE | MemToReg: x, ReadData: 0000000000000000, ALUResult: fffffffffffffffa
[2375000] REG READ: x17 = 0000000000000100 (decimal: 256)
[MEM/WB] UPDATE | MemToReg: 0, ReadData: 0000000000000000, ALUResult: 0000000000000000
[2385000] REG READ: x18 = 0000000000000104 (decimal: 260)
[MEM/WB] UPDATE | MemToReg: 0, ReadData: 0000000000000000, ALUResult: 0000000000000100
[2395000] REG READ: x20 = xxxxxxxxxxxxxxxx (decimal: x)
[2395000] REG READ: x19 = xxxxxxxxxxxxxxxx (decimal: x)
[MEM/WB] UPDATE | MemToReg: 0, ReadData: 0000000000000000, ALUResult: 0000000000000104
[MEM/WB] UPDATE | MemToReg: 1, ReadData: xxxxxxxxxxxxxxxx, ALUResult: xxxxxxxxxxxxxxxx
[MEM/WB] UPDATE | MemToReg: 1, ReadData: xxxxxxxxxxxxxxxx, ALUResult: xxxxxxxxxxxxxxxx
[2425000] REG READ: x17 = 0000000000000100 (decimal: 256)
[2425000] REG READ: x20 = xxxxxxxxxxxxxxxx (decimal: x)
[MEM/WB] UPDATE | MemToReg: x, ReadData: 0000000000000000, ALUResult: xxxxxxxxxxxxxxxx
[MEM/WB] UPDATE | MemToReg: x, ReadData: 0000000000000000, ALUResult: xxxxxxxxxxxxxxxx
[MEM/WB] UPDATE | MemToReg: x, ReadData: 0000000000000000, ALUResult: 0000000000000000
[MEM/WB] UPDATE | MemToReg: 0, ReadData: 0000000000000000, ALUResult: 0000000000000100
[2465000] REG READ: x12 = 0000000000000000 (decimal: 0)
[MEM/WB] UPDATE | MemToReg: 0, ReadData: 0000000000000000, ALUResult: xxxxxxxxxxxxxxxx
[2475000] REG READ: x13 = 0000000000000000 (decimal: 0)
[MEM/WB] UPDATE | MemToReg: 0, ReadData: 0000000000000000, ALUResult: xxxxxxxxxxxxxxxx
[2485000] REG READ: x13 = 0000000000000000 (decimal: 0)
[MEM/WB] UPDATE | MemToReg: 0, ReadData: 0000000000000000, ALUResult: 0000000000000006
[MEM/WB] UPDATE | MemToReg: 0, ReadData: 0000000000000000, ALUResult: 0000000000000006
[2505000] REG READ: x17 = 0000000000000100 (decimal: 256)
[MEM/WB] UPDATE | MemToReg: x, ReadData: 0000000000000000, ALUResult: fffffffffffffffa
[2515000] REG READ: x17 = 0000000000000100 (decimal: 256)
[MEM/WB] UPDATE | MemToReg: 0, ReadData: 0000000000000000, ALUResult: 0000000000000000
[2525000] REG READ: x18 = 0000000000000104 (decimal: 260)
[MEM/WB] UPDATE | MemToReg: 0, ReadData: 0000000000000000, ALUResult: 0000000000000100
[2535000] REG READ: x20 = xxxxxxxxxxxxxxxx (decimal: x)
[2535000] REG READ: x19 = xxxxxxxxxxxxxxxx (decimal: x)
[MEM/WB] UPDATE | MemToReg: 0, ReadData: 0000000000000000, ALUResult: 0000000000000104
[MEM/WB] UPDATE | MemToReg: 1, ReadData: xxxxxxxxxxxxxxxx, ALUResult: xxxxxxxxxxxxxxxx
[MEM/WB] UPDATE | MemToReg: 1, ReadData: xxxxxxxxxxxxxxxx, ALUResult: xxxxxxxxxxxxxxxx
[2565000] REG READ: x17 = 0000000000000100 (decimal: 256)
[2565000] REG READ: x20 = xxxxxxxxxxxxxxxx (decimal: x)
[MEM/WB] UPDATE | MemToReg: x, ReadData: 0000000000000000, ALUResult: xxxxxxxxxxxxxxxx
[MEM/WB] UPDATE | MemToReg: x, ReadData: 0000000000000000, ALUResult: xxxxxxxxxxxxxxxx
[MEM/WB] UPDATE | MemToReg: x, ReadData: 0000000000000000, ALUResult: 0000000000000000
[MEM/WB] UPDATE | MemToReg: 0, ReadData: 0000000000000000, ALUResult: 0000000000000100
[2605000] REG READ: x12 = 0000000000000000 (decimal: 0)
[MEM/WB] UPDATE | MemToReg: 0, ReadData: 0000000000000000, ALUResult: xxxxxxxxxxxxxxxx
[2615000] REG READ: x13 = 0000000000000000 (decimal: 0)
[MEM/WB] UPDATE | MemToReg: 0, ReadData: 0000000000000000, ALUResult: xxxxxxxxxxxxxxxx
[2625000] REG READ: x13 = 0000000000000000 (decimal: 0)
[MEM/WB] UPDATE | MemToReg: 0, ReadData: 0000000000000000, ALUResult: 0000000000000006
[MEM/WB] UPDATE | MemToReg: 0, ReadData: 0000000000000000, ALUResult: 0000000000000006
[2645000] REG READ: x17 = 0000000000000100 (decimal: 256)
[MEM/WB] UPDATE | MemToReg: x, ReadData: 0000000000000000, ALUResult: fffffffffffffffa
[2655000] REG READ: x17 = 0000000000000100 (decimal: 256)
[MEM/WB] UPDATE | MemToReg: 0, ReadData: 0000000000000000, ALUResult: 0000000000000000
[2665000] REG READ: x18 = 0000000000000104 (decimal: 260)
[MEM/WB] UPDATE | MemToReg: 0, ReadData: 0000000000000000, ALUResult: 0000000000000100
[2675000] REG READ: x20 = xxxxxxxxxxxxxxxx (decimal: x)
[2675000] REG READ: x19 = xxxxxxxxxxxxxxxx (decimal: x)
[MEM/WB] UPDATE | MemToReg: 0, ReadData: 0000000000000000, ALUResult: 0000000000000104
[MEM/WB] UPDATE | MemToReg: 1, ReadData: xxxxxxxxxxxxxxxx, ALUResult: xxxxxxxxxxxxxxxx
[MEM/WB] UPDATE | MemToReg: 1, ReadData: xxxxxxxxxxxxxxxx, ALUResult: xxxxxxxxxxxxxxxx
[2705000] REG READ: x17 = 0000000000000100 (decimal: 256)
[2705000] REG READ: x20 = xxxxxxxxxxxxxxxx (decimal: x)
[MEM/WB] UPDATE | MemToReg: x, ReadData: 0000000000000000, ALUResult: xxxxxxxxxxxxxxxx
[MEM/WB] UPDATE | MemToReg: x, ReadData: 0000000000000000, ALUResult: xxxxxxxxxxxxxxxx
[MEM/WB] UPDATE | MemToReg: x, ReadData: 0000000000000000, ALUResult: 0000000000000000
[MEM/WB] UPDATE | MemToReg: 0, ReadData: 0000000000000000, ALUResult: 0000000000000100
[2745000] REG READ: x12 = 0000000000000000 (decimal: 0)
[MEM/WB] UPDATE | MemToReg: 0, ReadData: 0000000000000000, ALUResult: xxxxxxxxxxxxxxxx
[2755000] REG READ: x13 = 0000000000000000 (decimal: 0)
[MEM/WB] UPDATE | MemToReg: 0, ReadData: 0000000000000000, ALUResult: xxxxxxxxxxxxxxxx
[2765000] REG READ: x13 = 0000000000000000 (decimal: 0)
[MEM/WB] UPDATE | MemToReg: 0, ReadData: 0000000000000000, ALUResult: 0000000000000006
[MEM/WB] UPDATE | MemToReg: 0, ReadData: 0000000000000000, ALUResult: 0000000000000006
[2785000] REG READ: x17 = 0000000000000100 (decimal: 256)
[MEM/WB] UPDATE | MemToReg: x, ReadData: 0000000000000000, ALUResult: fffffffffffffffa
[2795000] REG READ: x17 = 0000000000000100 (decimal: 256)
[MEM/WB] UPDATE | MemToReg: 0, ReadData: 0000000000000000, ALUResult: 0000000000000000
[2805000] REG READ: x18 = 0000000000000104 (decimal: 260)
[MEM/WB] UPDATE | MemToReg: 0, ReadData: 0000000000000000, ALUResult: 0000000000000100
[2815000] REG READ: x20 = xxxxxxxxxxxxxxxx (decimal: x)
[2815000] REG READ: x19 = xxxxxxxxxxxxxxxx (decimal: x)
[MEM/WB] UPDATE | MemToReg: 0, ReadData: 0000000000000000, ALUResult: 0000000000000104
[MEM/WB] UPDATE | MemToReg: 1, ReadData: xxxxxxxxxxxxxxxx, ALUResult: xxxxxxxxxxxxxxxx
[MEM/WB] UPDATE | MemToReg: 1, ReadData: xxxxxxxxxxxxxxxx, ALUResult: xxxxxxxxxxxxxxxx
[2845000] REG READ: x17 = 0000000000000100 (decimal: 256)
[2845000] REG READ: x20 = xxxxxxxxxxxxxxxx (decimal: x)
[MEM/WB] UPDATE | MemToReg: x, ReadData: 0000000000000000, ALUResult: xxxxxxxxxxxxxxxx
[MEM/WB] UPDATE | MemToReg: x, ReadData: 0000000000000000, ALUResult: xxxxxxxxxxxxxxxx
[MEM/WB] UPDATE | MemToReg: x, ReadData: 0000000000000000, ALUResult: 0000000000000000
[MEM/WB] UPDATE | MemToReg: 0, ReadData: 0000000000000000, ALUResult: 0000000000000100
[2885000] REG READ: x12 = 0000000000000000 (decimal: 0)
[MEM/WB] UPDATE | MemToReg: 0, ReadData: 0000000000000000, ALUResult: xxxxxxxxxxxxxxxx
[2895000] REG READ: x13 = 0000000000000000 (decimal: 0)
[MEM/WB] UPDATE | MemToReg: 0, ReadData: 0000000000000000, ALUResult: xxxxxxxxxxxxxxxx
[2905000] REG READ: x13 = 0000000000000000 (decimal: 0)
[MEM/WB] UPDATE | MemToReg: 0, ReadData: 0000000000000000, ALUResult: 0000000000000006
[MEM/WB] UPDATE | MemToReg: 0, ReadData: 0000000000000000, ALUResult: 0000000000000006
[2925000] REG READ: x17 = 0000000000000100 (decimal: 256)
[MEM/WB] UPDATE | MemToReg: x, ReadData: 0000000000000000, ALUResult: fffffffffffffffa
[2935000] REG READ: x17 = 0000000000000100 (decimal: 256)
[MEM/WB] UPDATE | MemToReg: 0, ReadData: 0000000000000000, ALUResult: 0000000000000000
[2945000] REG READ: x18 = 0000000000000104 (decimal: 260)
[MEM/WB] UPDATE | MemToReg: 0, ReadData: 0000000000000000, ALUResult: 0000000000000100
[2955000] REG READ: x20 = xxxxxxxxxxxxxxxx (decimal: x)
[2955000] REG READ: x19 = xxxxxxxxxxxxxxxx (decimal: x)
[MEM/WB] UPDATE | MemToReg: 0, ReadData: 0000000000000000, ALUResult: 0000000000000104
[MEM/WB] UPDATE | MemToReg: 1, ReadData: xxxxxxxxxxxxxxxx, ALUResult: xxxxxxxxxxxxxxxx
[MEM/WB] UPDATE | MemToReg: 1, ReadData: xxxxxxxxxxxxxxxx, ALUResult: xxxxxxxxxxxxxxxx
[2985000] REG READ: x17 = 0000000000000100 (decimal: 256)
[2985000] REG READ: x20 = xxxxxxxxxxxxxxxx (decimal: x)
[MEM/WB] UPDATE | MemToReg: x, ReadData: 0000000000000000, ALUResult: xxxxxxxxxxxxxxxx
[MEM/WB] UPDATE | MemToReg: x, ReadData: 0000000000000000, ALUResult: xxxxxxxxxxxxxxxx
[MEM/WB] UPDATE | MemToReg: x, ReadData: 0000000000000000, ALUResult: 0000000000000000
[MEM/WB] UPDATE | MemToReg: 0, ReadData: 0000000000000000, ALUResult: 0000000000000100
[3025000] REG READ: x12 = 0000000000000000 (decimal: 0)
[MEM/WB] UPDATE | MemToReg: 0, ReadData: 0000000000000000, ALUResult: xxxxxxxxxxxxxxxx
[3035000] REG READ: x13 = 0000000000000000 (decimal: 0)
[MEM/WB] UPDATE | MemToReg: 0, ReadData: 0000000000000000, ALUResult: xxxxxxxxxxxxxxxx
[3045000] REG READ: x13 = 0000000000000000 (decimal: 0)
[MEM/WB] UPDATE | MemToReg: 0, ReadData: 0000000000000000, ALUResult: 0000000000000006
[MEM/WB] UPDATE | MemToReg: 0, ReadData: 0000000000000000, ALUResult: 0000000000000006
[3065000] REG READ: x17 = 0000000000000100 (decimal: 256)
[MEM/WB] UPDATE | MemToReg: x, ReadData: 0000000000000000, ALUResult: fffffffffffffffa
[3075000] REG READ: x17 = 0000000000000100 (decimal: 256)
[MEM/WB] UPDATE | MemToReg: 0, ReadData: 0000000000000000, ALUResult: 0000000000000000
[3085000] REG READ: x18 = 0000000000000104 (decimal: 260)
[MEM/WB] UPDATE | MemToReg: 0, ReadData: 0000000000000000, ALUResult: 0000000000000100
[3095000] REG READ: x20 = xxxxxxxxxxxxxxxx (decimal: x)
[3095000] REG READ: x19 = xxxxxxxxxxxxxxxx (decimal: x)
[MEM/WB] UPDATE | MemToReg: 0, ReadData: 0000000000000000, ALUResult: 0000000000000104
[MEM/WB] UPDATE | MemToReg: 1, ReadData: xxxxxxxxxxxxxxxx, ALUResult: xxxxxxxxxxxxxxxx
[MEM/WB] UPDATE | MemToReg: 1, ReadData: xxxxxxxxxxxxxxxx, ALUResult: xxxxxxxxxxxxxxxx
[3125000] REG READ: x17 = 0000000000000100 (decimal: 256)
[3125000] REG READ: x20 = xxxxxxxxxxxxxxxx (decimal: x)
[MEM/WB] UPDATE | MemToReg: x, ReadData: 0000000000000000, ALUResult: xxxxxxxxxxxxxxxx
[MEM/WB] UPDATE | MemToReg: x, ReadData: 0000000000000000, ALUResult: xxxxxxxxxxxxxxxx
[MEM/WB] UPDATE | MemToReg: x, ReadData: 0000000000000000, ALUResult: 0000000000000000
[MEM/WB] UPDATE | MemToReg: 0, ReadData: 0000000000000000, ALUResult: 0000000000000100
[3165000] REG READ: x12 = 0000000000000000 (decimal: 0)
[MEM/WB] UPDATE | MemToReg: 0, ReadData: 0000000000000000, ALUResult: xxxxxxxxxxxxxxxx
[3175000] REG READ: x13 = 0000000000000000 (decimal: 0)
[MEM/WB] UPDATE | MemToReg: 0, ReadData: 0000000000000000, ALUResult: xxxxxxxxxxxxxxxx
[3185000] REG READ: x13 = 0000000000000000 (decimal: 0)
[MEM/WB] UPDATE | MemToReg: 0, ReadData: 0000000000000000, ALUResult: 0000000000000006
[MEM/WB] UPDATE | MemToReg: 0, ReadData: 0000000000000000, ALUResult: 0000000000000006
[3205000] REG READ: x17 = 0000000000000100 (decimal: 256)
[MEM/WB] UPDATE | MemToReg: x, ReadData: 0000000000000000, ALUResult: fffffffffffffffa
[3215000] REG READ: x17 = 0000000000000100 (decimal: 256)
[MEM/WB] UPDATE | MemToReg: 0, ReadData: 0000000000000000, ALUResult: 0000000000000000
[3225000] REG READ: x18 = 0000000000000104 (decimal: 260)
[MEM/WB] UPDATE | MemToReg: 0, ReadData: 0000000000000000, ALUResult: 0000000000000100
[3235000] REG READ: x20 = xxxxxxxxxxxxxxxx (decimal: x)
[3235000] REG READ: x19 = xxxxxxxxxxxxxxxx (decimal: x)
[MEM/WB] UPDATE | MemToReg: 0, ReadData: 0000000000000000, ALUResult: 0000000000000104
[MEM/WB] UPDATE | MemToReg: 1, ReadData: xxxxxxxxxxxxxxxx, ALUResult: xxxxxxxxxxxxxxxx
[MEM/WB] UPDATE | MemToReg: 1, ReadData: xxxxxxxxxxxxxxxx, ALUResult: xxxxxxxxxxxxxxxx
[3265000] REG READ: x17 = 0000000000000100 (decimal: 256)
[326500